2025-06-09 12:59:41,065 [INFO] Activator:176 - 


2025-06-09 12:59:41,125 [INFO] Activator:177 - !SESSION log4j initialized
2025-06-09 13:00:55,345 [INFO] LogOutputStream:77 - [STDOUT_REDIRECT] 
2025-06-09 13:01:25,194 [INFO] ApplicationProperties:184 - Using Application install path: C:\Program\ST\STM32CubeIDE\STM32CubeIDE\plugins\com.st.stm32cube.common.mx_6.14.1.202504091515
2025-06-09 13:01:36,498 [INFO] DbMcusXml:78 - Set database path to: C:\Program\ST\STM32CubeIDE\STM32CubeIDE\plugins\com.st.stm32cube.common.mx_6.14.1.202504091515\\db\/mcu/
2025-06-09 13:01:36,499 [INFO] ApiDb:274 - Set plugin database path to: C:\Program\ST\STM32CubeIDE\STM32CubeIDE\plugins\com.st.stm32cube.common.mx_6.14.1.202504091515\\db\/plugins/boardmanager/
2025-06-09 13:01:36,500 [WARN] ApiDb:259 - Overriding images path with different value:  => C:\Program\ST\STM32CubeIDE\STM32CubeIDE\plugins\com.st.stm32cube.common.mx_6.14.1.202504091515\\db\/plugins/mcufinder/images/
2025-06-09 13:01:37,987 [INFO] ApiDb:250 - Set database path to: C:\Users\danie\.stmcufinder\plugins\mcufinder//mcu/
2025-06-09 13:01:37,989 [INFO] DbMcusAds:125 - Set database path to: C:\Users\danie\.stmcufinder\plugins\mcufinder//mcu/
2025-06-09 13:01:41,204 [INFO] CrossReferenceDbSqlite:203 - Set database path to: C:\Users\danie\.stmcufinder\plugins\mcufinder//mcu/cs/
2025-06-09 13:01:43,676 [INFO] RulesReader:64 - Compatibility file has been processed (302 Rules)
2025-06-09 13:01:47,195 [INFO] DbMcusXml:78 - Set database path to: C:\Program\ST\STM32CubeIDE\STM32CubeIDE\plugins\com.st.stm32cube.common.mx_6.14.1.202504091515\\db\/mcu/
2025-06-09 13:01:47,195 [INFO] ApiDb:274 - Set plugin database path to: C:\Program\ST\STM32CubeIDE\STM32CubeIDE\plugins\com.st.stm32cube.common.mx_6.14.1.202504091515\\db\/plugins/boardmanager/
2025-06-09 13:01:47,196 [INFO] ApiDb:261 - Set plugin images path to: C:\Program\ST\STM32CubeIDE\STM32CubeIDE\plugins\com.st.stm32cube.common.mx_6.14.1.202504091515\\db\/plugins/mcufinder/images/
2025-06-09 13:01:47,196 [WARN] DbFile:41 - Overriding database path with different value: C:\Users\danie\.stmcufinder\plugins\mcufinder/ => C:\Users\danie\.stmcufinder\plugins\mcufinder
2025-06-09 13:01:47,196 [INFO] ApiDb:250 - Set database path to: C:\Users\danie\.stmcufinder\plugins\mcufinder//mcu/
2025-06-09 13:01:47,197 [WARN] DbFile:41 - Overriding database path with different value: C:\Users\danie\.stmcufinder\plugins\mcufinder/ => C:\Users\danie\.stmcufinder\plugins\mcufinder
2025-06-09 13:01:47,197 [INFO] DbMcusAds:125 - Set database path to: C:\Users\danie\.stmcufinder\plugins\mcufinder//mcu/
2025-06-09 13:01:47,197 [WARN] DbFile:41 - Overriding database path with different value: C:\Users\danie\.stmcufinder\plugins\mcufinder/ => C:\Users\danie\.stmcufinder\plugins\mcufinder
2025-06-09 13:01:47,197 [WARN] DbFile:41 - Overriding database path with different value: C:\Users\danie\.stmcufinder\plugins\mcufinder/ => C:\Users\danie\.stmcufinder\plugins\mcufinder
2025-06-09 13:01:47,197 [INFO] CrossReferenceDbSqlite:203 - Set database path to: C:\Users\danie\.stmcufinder\plugins\mcufinder//mcu/cs/
2025-06-09 13:01:50,813 [INFO] MainPanel:272 - HeapMemory: 268435456
2025-06-09 13:01:56,175 [INFO] DbMcusXml:78 - Set database path to: C:\Program\ST\STM32CubeIDE\STM32CubeIDE\plugins\com.st.stm32cube.common.mx_6.14.1.202504091515\\db\/mcu/
2025-06-09 13:01:56,175 [INFO] ApiDb:274 - Set plugin database path to: C:\Program\ST\STM32CubeIDE\STM32CubeIDE\plugins\com.st.stm32cube.common.mx_6.14.1.202504091515\\db\/plugins/boardmanager/
2025-06-09 13:01:56,175 [INFO] ApiDb:261 - Set plugin images path to: C:\Program\ST\STM32CubeIDE\STM32CubeIDE\plugins\com.st.stm32cube.common.mx_6.14.1.202504091515\\db\/plugins/mcufinder/images/
2025-06-09 13:01:56,176 [WARN] DbFile:41 - Overriding database path with different value: C:\Users\danie\.stmcufinder\plugins\mcufinder/ => C:\Users\danie\.stmcufinder\plugins\mcufinder
2025-06-09 13:01:56,176 [INFO] ApiDb:250 - Set database path to: C:\Users\danie\.stmcufinder\plugins\mcufinder//mcu/
2025-06-09 13:01:56,176 [WARN] DbFile:41 - Overriding database path with different value: C:\Users\danie\.stmcufinder\plugins\mcufinder/ => C:\Users\danie\.stmcufinder\plugins\mcufinder
2025-06-09 13:01:56,176 [INFO] DbMcusAds:125 - Set database path to: C:\Users\danie\.stmcufinder\plugins\mcufinder//mcu/
2025-06-09 13:01:56,176 [WARN] DbFile:41 - Overriding database path with different value: C:\Users\danie\.stmcufinder\plugins\mcufinder/ => C:\Users\danie\.stmcufinder\plugins\mcufinder
2025-06-09 13:01:56,176 [WARN] DbFile:41 - Overriding database path with different value: C:\Users\danie\.stmcufinder\plugins\mcufinder/ => C:\Users\danie\.stmcufinder\plugins\mcufinder
2025-06-09 13:02:00,174 [INFO] CrossReferenceDbSqlite:203 - Set database path to: C:\Users\danie\.stmcufinder\plugins\mcufinder//mcu/cs/
2025-06-09 13:02:00,621 [INFO] ApplicationProperties:184 - Using Application install path: C:\Program\ST\STM32CubeIDE\STM32CubeIDE\plugins\com.st.stm32cube.common.mx_6.14.1.202504091515
2025-06-09 13:02:00,622 [INFO] PluginManage:196 - Search for loadable plugins [exclusion list=, ]
2025-06-09 13:02:00,666 [INFO] PluginManage:310 - Check plugin analytics
2025-06-09 13:02:05,487 [INFO] AnalyticsPlugin:253 - Accepted Software Licenses: 
2025-06-09 13:02:05,487 [INFO] AnalyticsPlugin:255 - Accepted CMSIS Pack Licenses: 
2025-06-09 13:02:05,487 [INFO] AnalyticsPlugin:257 - Accepted Firmware Licenses: FW.MP2.1.1.0
2025-06-09 13:02:05,490 [INFO] PluginManage:359 - Loaded plugin analytics (category:tool,tabindex:-1)
2025-06-09 13:02:05,490 [INFO] PluginManage:310 - Check plugin cadmodel
2025-06-09 13:02:05,675 [INFO] CADModel:105 - Init CAD model plugin
2025-06-09 13:02:05,675 [INFO] PluginManage:359 - Loaded plugin cadmodel (category:power,tabindex:5)
2025-06-09 13:02:05,676 [INFO] PluginManage:310 - Check plugin clock
2025-06-09 13:02:05,877 [INFO] PluginManage:359 - Loaded plugin clock (category:base,tabindex:2)
2025-06-09 13:02:05,878 [INFO] PluginManage:310 - Check plugin ddr
2025-06-09 13:02:05,960 [INFO] PluginManage:359 - Loaded plugin ddr (category:tool,tabindex:6)
2025-06-09 13:02:05,960 [INFO] PluginManage:310 - Check plugin filemanager
2025-06-09 13:02:07,379 [INFO] PluginManage:359 - Loaded plugin filemanager (category:base,tabindex:10)
2025-06-09 13:02:07,380 [INFO] PluginManage:310 - Check plugin ipmanager
2025-06-09 13:02:07,431 [INFO] PluginManage:359 - Loaded plugin ipmanager (category:base,tabindex:5)
2025-06-09 13:02:07,431 [INFO] PluginManage:310 - Check plugin lpbam
2025-06-09 13:02:07,543 [INFO] PluginManage:359 - Loaded plugin lpbam (category:base,tabindex:0)
2025-06-09 13:02:07,543 [INFO] PluginManage:310 - Check plugin memorymap
2025-06-09 13:02:08,003 [INFO] PluginManage:359 - Loaded plugin memorymap (category:base,tabindex:4)
2025-06-09 13:02:08,004 [INFO] PluginManage:310 - Check plugin pinoutandconfiguration
2025-06-09 13:02:08,391 [INFO] PluginManage:359 - Loaded plugin pinoutandconfiguration (category:base,tabindex:1)
2025-06-09 13:02:08,392 [INFO] PluginManage:310 - Check plugin pinoutconfig
2025-06-09 13:02:09,098 [WARN] SupportedApi:132 - Cannot load RTOS API schema: s4s-elt-must-match.1: The content of 'definitions' must match (annotation?, (simpleType | complexType)?, (unique | key | keyref)*)). A problem was found starting at: attribute.
2025-06-09 13:02:10,562 [INFO] PluginManage:359 - Loaded plugin pinoutconfig (category:base,tabindex:0)
2025-06-09 13:02:10,562 [INFO] PluginManage:310 - Check plugin power
2025-06-09 13:02:11,468 [INFO] PluginManage:359 - Loaded plugin power (category:power,tabindex:4)
2025-06-09 13:02:11,469 [INFO] PluginManage:310 - Check plugin projectmanager
2025-06-09 13:02:11,610 [INFO] PluginManage:359 - Loaded plugin projectmanager (category:projectmanager,tabindex:4)
2025-06-09 13:02:11,610 [INFO] PluginManage:310 - Check plugin rif
2025-06-09 13:02:12,553 [INFO] PluginManage:359 - Loaded plugin rif (category:base,tabindex:3)
2025-06-09 13:02:12,554 [INFO] PluginManage:310 - Check plugin thirdparty
2025-06-09 13:02:18,734 [INFO] PluginManage:359 - Loaded plugin thirdparty (category:base,tabindex:-1)
2025-06-09 13:02:18,734 [WARN] IntegrityCheckThread:84 - waiting for thirdparty lock release [integrity check]
2025-06-09 13:02:18,735 [INFO] PluginManage:310 - Check plugin tools
2025-06-09 13:02:18,735 [INFO] IntegrityCheckThread:86 - entering critical section [integrity check]
2025-06-09 13:02:18,736 [INFO] ThirdPartyUpdaterWithRetryManager:70 - Updater plugin not ready yet. [1/15]
2025-06-09 13:02:18,868 [INFO] PluginManage:359 - Loaded plugin tools (category:base,tabindex:7)
2025-06-09 13:02:18,868 [INFO] PluginManage:310 - Check plugin tutovideos
2025-06-09 13:02:21,737 [INFO] ThirdPartyUpdaterWithRetryManager:70 - Updater plugin not ready yet. [2/15]
2025-06-09 13:02:23,248 [INFO] PluginManage:359 - Loaded plugin tutovideos (category:base,tabindex:-1)
2025-06-09 13:02:23,248 [INFO] PluginManage:310 - Check plugin updater
2025-06-09 13:02:23,432 [INFO] PluginManage:359 - Loaded plugin updater (category:base,tabindex:12)
2025-06-09 13:02:23,432 [INFO] PluginManage:310 - Check plugin userauth
2025-06-09 13:02:23,492 [INFO] UserAuth:118 - Init User Auth plugin
2025-06-09 13:02:23,493 [INFO] PluginManage:359 - Loaded plugin userauth (category:base,tabindex:14)
2025-06-09 13:02:23,494 [INFO] PluginManage:283 - PluginManage : Loaded plugins [18]
2025-06-09 13:02:24,740 [INFO] ThirdPartyUpdaterWithRetryManager:70 - Updater plugin not ready yet. [3/15]
2025-06-09 13:02:27,740 [INFO] ThirdPartyUpdaterWithRetryManager:70 - Updater plugin not ready yet. [4/15]
2025-06-09 13:02:29,485 [INFO] PinOutPanel:1589 - setPackage(No Configuration,No Configuration)
2025-06-09 13:02:30,475 [INFO] CADModel:165 - CPN selected for project level
2025-06-09 13:02:30,475 [INFO] CADModel:114 - Register for checkConnection events
2025-06-09 13:02:30,742 [INFO] ThirdPartyUpdaterWithRetryManager:70 - Updater plugin not ready yet. [5/15]
2025-06-09 13:02:30,780 [INFO] IPUIPlugin:80 - create IPUIPlugin
2025-06-09 13:02:30,780 [INFO] PluginManager:220 - loadIPPluginJar : add adc
2025-06-09 13:02:30,819 [INFO] IPUIPlugin:80 - create IPUIPlugin
2025-06-09 13:02:30,819 [INFO] PluginManager:220 - loadIPPluginJar : add aes
2025-06-09 13:02:30,841 [INFO] IPUIPlugin:80 - create IPUIPlugin
2025-06-09 13:02:30,841 [INFO] PluginManager:220 - loadIPPluginJar : add can
2025-06-09 13:02:30,884 [INFO] IPUIPlugin:80 - create IPUIPlugin
2025-06-09 13:02:30,884 [INFO] PluginManager:220 - loadIPPluginJar : add comp
2025-06-09 13:02:30,909 [INFO] IPUIPlugin:80 - create IPUIPlugin
2025-06-09 13:02:30,909 [INFO] PluginManager:220 - loadIPPluginJar : add cryp
2025-06-09 13:02:31,075 [INFO] IPUIPlugin:80 - create IPUIPlugin
2025-06-09 13:02:31,075 [INFO] PluginManager:220 - loadIPPluginJar : add ddr_ctrl_phy
2025-06-09 13:02:31,099 [INFO] IPUIPlugin:80 - create IPUIPlugin
2025-06-09 13:02:31,099 [INFO] PluginManager:220 - loadIPPluginJar : add dfsdm
2025-06-09 13:02:31,180 [INFO] IPUIPlugin:80 - create IPUIPlugin
2025-06-09 13:02:31,180 [INFO] PluginManager:220 - loadIPPluginJar : add dma
2025-06-09 13:02:31,204 [INFO] IPUIPlugin:80 - create IPUIPlugin
2025-06-09 13:02:31,204 [INFO] PluginManager:220 - loadIPPluginJar : add dma3
2025-06-09 13:02:31,382 [INFO] IPUIPlugin:80 - create IPUIPlugin
2025-06-09 13:02:31,382 [INFO] PluginManager:220 - loadIPPluginJar : add extmemmanager
2025-06-09 13:02:31,524 [INFO] IPUIPlugin:80 - create IPUIPlugin
2025-06-09 13:02:31,524 [INFO] PluginManager:220 - loadIPPluginJar : add fatfs
2025-06-09 13:02:31,618 [INFO] IPUIPlugin:80 - create IPUIPlugin
2025-06-09 13:02:31,618 [INFO] PluginManager:220 - loadIPPluginJar : add fmc
2025-06-09 13:02:31,755 [INFO] IPUIPlugin:80 - create IPUIPlugin
2025-06-09 13:02:31,755 [INFO] PluginManager:220 - loadIPPluginJar : add freertos
2025-06-09 13:02:31,795 [INFO] IPUIPlugin:80 - create IPUIPlugin
2025-06-09 13:02:31,796 [INFO] PluginManager:220 - loadIPPluginJar : add genericplugin
2025-06-09 13:02:31,879 [INFO] IPUIPlugin:80 - create IPUIPlugin
2025-06-09 13:02:31,879 [INFO] PluginManager:220 - loadIPPluginJar : add gfxmmu
2025-06-09 13:02:31,982 [INFO] IPUIPlugin:80 - create IPUIPlugin
2025-06-09 13:02:31,983 [INFO] PluginManager:220 - loadIPPluginJar : add gic
2025-06-09 13:02:32,077 [INFO] IPUIPlugin:80 - create IPUIPlugin
2025-06-09 13:02:32,078 [INFO] PluginManager:220 - loadIPPluginJar : add gpio
2025-06-09 13:02:32,206 [INFO] IPUIPlugin:80 - create IPUIPlugin
2025-06-09 13:02:32,206 [INFO] PluginManager:220 - loadIPPluginJar : add gtzc
2025-06-09 13:02:32,249 [INFO] IPUIPlugin:80 - create IPUIPlugin
2025-06-09 13:02:32,249 [INFO] PluginManager:220 - loadIPPluginJar : add hash
2025-06-09 13:02:32,287 [INFO] IPUIPlugin:80 - create IPUIPlugin
2025-06-09 13:02:32,287 [INFO] PluginManager:220 - loadIPPluginJar : add i2c
2025-06-09 13:02:32,354 [INFO] IPUIPlugin:80 - create IPUIPlugin
2025-06-09 13:02:32,354 [INFO] PluginManager:220 - loadIPPluginJar : add i2s
2025-06-09 13:02:32,401 [INFO] IPUIPlugin:80 - create IPUIPlugin
2025-06-09 13:02:32,401 [INFO] PluginManager:220 - loadIPPluginJar : add i3c
2025-06-09 13:02:32,519 [INFO] IPUIPlugin:80 - create IPUIPlugin
2025-06-09 13:02:32,519 [INFO] PluginManager:220 - loadIPPluginJar : add ipddr
2025-06-09 13:02:32,760 [INFO] IPUIPlugin:80 - create IPUIPlugin
2025-06-09 13:02:32,761 [INFO] PluginManager:220 - loadIPPluginJar : add linkedlist
2025-06-09 13:02:32,800 [INFO] IPUIPlugin:80 - create IPUIPlugin
2025-06-09 13:02:32,801 [INFO] PluginManager:220 - loadIPPluginJar : add lorawan
2025-06-09 13:02:32,821 [INFO] IPUIPlugin:80 - create IPUIPlugin
2025-06-09 13:02:32,822 [INFO] PluginManager:220 - loadIPPluginJar : add ltdc
2025-06-09 13:02:32,915 [INFO] IPUIPlugin:80 - create IPUIPlugin
2025-06-09 13:02:32,915 [INFO] PluginManager:220 - loadIPPluginJar : add mdma
2025-06-09 13:02:32,953 [INFO] IPUIPlugin:80 - create IPUIPlugin
2025-06-09 13:02:32,953 [INFO] PluginManager:220 - loadIPPluginJar : add nvic
2025-06-09 13:02:32,994 [INFO] IPUIPlugin:80 - create IPUIPlugin
2025-06-09 13:02:32,994 [INFO] PluginManager:220 - loadIPPluginJar : add opamp
2025-06-09 13:02:33,018 [INFO] IPUIPlugin:80 - create IPUIPlugin
2025-06-09 13:02:33,018 [INFO] PluginManager:220 - loadIPPluginJar : add openamp
2025-06-09 13:02:33,072 [INFO] IPUIPlugin:80 - create IPUIPlugin
2025-06-09 13:02:33,072 [INFO] PluginManager:220 - loadIPPluginJar : add pdm2pcm
2025-06-09 13:02:33,141 [INFO] IPUIPlugin:80 - create IPUIPlugin
2025-06-09 13:02:33,143 [INFO] PluginManager:220 - loadIPPluginJar : add plateformsettings
2025-06-09 13:02:33,147 [INFO] IPUIPlugin:80 - create IPUIPlugin
2025-06-09 13:02:33,147 [INFO] PluginManager:220 - loadIPPluginJar : add quadspi
2025-06-09 13:02:33,165 [INFO] IPUIPlugin:80 - create IPUIPlugin
2025-06-09 13:02:33,166 [INFO] PluginManager:220 - loadIPPluginJar : add radio
2025-06-09 13:02:33,292 [INFO] IPUIPlugin:80 - create IPUIPlugin
2025-06-09 13:02:33,292 [INFO] PluginManager:220 - loadIPPluginJar : add resmgrutility
2025-06-09 13:02:33,346 [INFO] IPUIPlugin:80 - create IPUIPlugin
2025-06-09 13:02:33,346 [INFO] PluginManager:220 - loadIPPluginJar : add sai
2025-06-09 13:02:33,382 [INFO] IPUIPlugin:80 - create IPUIPlugin
2025-06-09 13:02:33,382 [INFO] PluginManager:220 - loadIPPluginJar : add spi
2025-06-09 13:02:33,459 [INFO] IPUIPlugin:80 - create IPUIPlugin
2025-06-09 13:02:33,460 [INFO] PluginManager:220 - loadIPPluginJar : add stm32_wpan
2025-06-09 13:02:33,531 [INFO] IPUIPlugin:80 - create IPUIPlugin
2025-06-09 13:02:33,531 [INFO] PluginManager:220 - loadIPPluginJar : add tim
2025-06-09 13:02:33,563 [INFO] IPUIPlugin:80 - create IPUIPlugin
2025-06-09 13:02:33,564 [INFO] PluginManager:220 - loadIPPluginJar : add touchsensing
2025-06-09 13:02:33,583 [INFO] IPUIPlugin:80 - create IPUIPlugin
2025-06-09 13:02:33,583 [INFO] PluginManager:220 - loadIPPluginJar : add tracer_emb
2025-06-09 13:02:33,609 [INFO] IPUIPlugin:80 - create IPUIPlugin
2025-06-09 13:02:33,609 [INFO] PluginManager:220 - loadIPPluginJar : add ts
2025-06-09 13:02:33,622 [INFO] IPUIPlugin:80 - create IPUIPlugin
2025-06-09 13:02:33,622 [INFO] PluginManager:220 - loadIPPluginJar : add tsc
2025-06-09 13:02:33,645 [INFO] IPUIPlugin:80 - create IPUIPlugin
2025-06-09 13:02:33,645 [INFO] PluginManager:220 - loadIPPluginJar : add ucpd
2025-06-09 13:02:33,671 [INFO] IPUIPlugin:80 - create IPUIPlugin
2025-06-09 13:02:33,671 [INFO] PluginManager:220 - loadIPPluginJar : add usart
2025-06-09 13:02:33,744 [INFO] ThirdPartyUpdaterWithRetryManager:70 - Updater plugin not ready yet. [6/15]
2025-06-09 13:02:33,772 [INFO] IPUIPlugin:80 - create IPUIPlugin
2025-06-09 13:02:33,772 [INFO] PluginManager:220 - loadIPPluginJar : add usbx
2025-06-09 13:02:34,051 [FATAL] Updater:351 - Updater called before beeing initialized
2025-06-09 13:02:34,124 [INFO] RulesReader:64 - Compatibility file has been processed (302 Rules)
2025-06-09 13:02:34,140 [INFO] RulesReader:64 - Compatibility file has been processed (302 Rules)
2025-06-09 13:02:34,159 [INFO] CADModel:165 - CPN selected for project level
2025-06-09 13:02:34,159 [INFO] CADModel:114 - Register for checkConnection events
2025-06-09 13:02:34,159 [FATAL] Updater:351 - Updater called before beeing initialized
2025-06-09 13:02:34,159 [ERROR] CADModel:125 - Updater not yet initialized, retry later 
2025-06-09 13:02:35,670 [FATAL] Updater:351 - Updater called before beeing initialized
2025-06-09 13:02:35,797 [INFO] CADModel:165 - CPN selected for project level
2025-06-09 13:02:35,797 [INFO] CADModel:114 - Register for checkConnection events
2025-06-09 13:02:35,797 [FATAL] Updater:351 - Updater called before beeing initialized
2025-06-09 13:02:35,798 [ERROR] CADModel:125 - Updater not yet initialized, retry later 
2025-06-09 13:02:35,822 [FATAL] Updater:351 - Updater called before beeing initialized
2025-06-09 13:02:36,133 [FATAL] Updater:351 - Updater called before beeing initialized
2025-06-09 13:02:36,172 [INFO] DbMcusAds:53 - JSON generation date=Wed May 07 11:07:55 CEST 2025 (1746608875484)
2025-06-09 13:02:36,173 [FATAL] Updater:351 - Updater called before beeing initialized
2025-06-09 13:02:36,566 [WARN] DetailPanel:346 - Failed to get advertising image, set to default
2025-06-09 13:02:36,745 [INFO] ThirdPartyUpdaterWithRetryManager:70 - Updater plugin not ready yet. [7/15]
2025-06-09 13:02:37,540 [FATAL] Updater:351 - Updater called before beeing initialized
2025-06-09 13:02:37,573 [FATAL] Updater:351 - Updater called before beeing initialized
2025-06-09 13:02:37,573 [FATAL] Updater:351 - Updater called before beeing initialized
2025-06-09 13:02:37,574 [WARN] DetailPanel:346 - Failed to get advertising image, set to default
2025-06-09 13:02:37,575 [FATAL] Updater:351 - Updater called before beeing initialized
2025-06-09 13:02:37,865 [ERROR] Updater:1198 - MainUpdater not yet initialized. External WinMGr cannot be set.
2025-06-09 13:02:37,894 [INFO] Updater:1134 - Updater Version found : 6.14.1
2025-06-09 13:02:38,243 [INFO] ApplicationProperties:184 - Using Application install path: C:\Program\ST\STM32CubeIDE\STM32CubeIDE\plugins\com.st.stm32cube.common.mx_6.14.1.202504091515
2025-06-09 13:02:39,746 [FATAL] Updater:351 - Updater called before beeing initialized
2025-06-09 13:02:39,746 [ERROR] IntegrityCheckThread:130 - Cannot retrieve database content from updater: error 21
2025-06-09 13:02:39,746 [INFO] ThirdParty:978 - Integrity check success = false
2025-06-09 13:02:39,746 [INFO] IntegrityCheckThread:100 - exiting critical section [integrity check]
2025-06-09 13:02:39,746 [INFO] IntegrityCheckThread:103 - End integrity checks thread
2025-06-09 13:02:39,932 [ERROR] LogOutputStream:75 - [STDERR_REDIRECT] Jun 09, 2025 1:02:39 PM java.util.prefs.WindowsPreferences <init>
2025-06-09 13:02:39,934 [ERROR] LogOutputStream:75 - [STDERR_REDIRECT] WARNING: Could not open/create prefs root node Software\JavaSoft\Prefs at root 0xffffffff80000002. Windows RegCreateKeyEx(...) returned error code 5.
2025-06-09 13:02:39,934 [ERROR] LogOutputStream:75 - [STDERR_REDIRECT] 
2025-06-09 13:02:42,385 [INFO] MainUpdater:2872 - connection check result : 10
2025-06-09 13:02:42,386 [INFO] MainUpdater:289 - Updater Check For Update Now.
2025-06-09 13:02:42,387 [INFO] MicroXplorer:498 - Change Database Version : DB.6.0.141
2025-06-09 13:02:42,427 [INFO] McuFinderGlobals:63 - Set McuFinder mode to 2 (CubeIDE integrated)
2025-06-09 13:02:42,445 [INFO] UserAuth:484 - Internet connection configuration mode: 1
2025-06-09 13:02:44,111 [INFO] JxBrowserEngine:152 - Initiate JxBrowser Engine with user profile folder
2025-06-09 13:02:44,192 [INFO] CheckServerUpdateThread:120 - End of CheckServer Thread
2025-06-09 13:03:15,566 [INFO] WebApp:169 - Instantiating new browser for Auth
